<?xml version="1.0" encoding="UTF-8"?>
<!-- Generated by org.testng.reporters.JUnitReportReporter -->
<testsuite hostname="DESKTOP-BR47O9U" failures="0" tests="2" name="testNG.Testsuite" time="1.634" errors="0" timestamp="2023-09-12T16:41:01 EDT" skipped="0">
  <testcase classname="testNG.Testsuite" name="google" time="1.164"/>
  <testcase classname="testNG.Testsuite" name="yahoo" time="0.470"/>
</testsuite> <!-- testNG.Testsuite -->
