<?xml version="1.0" encoding="UTF-8"?>
<!-- Generated by org.testng.reporters.JUnitReportReporter -->
<testsuite hostname="DESKTOP-BR47O9U" failures="0" tests="4" name="testNG.Group" time="0.016" errors="0" timestamp="2023-09-12T21:24:19 EDT" skipped="0">
  <testcase classname="testNG.Group" name="moto1" time="0.013"/>
  <testcase classname="testNG.Group" name="moto2" time="0.001"/>
  <testcase classname="testNG.Group" name="vivo1" time="0.001"/>
  <testcase classname="testNG.Group" name="vivo2" time="0.001"/>
</testsuite> <!-- testNG.Group -->
