<?xml version="1.0" encoding="UTF-8"?>
<!-- Generated by org.testng.reporters.JUnitReportReporter -->
<testsuite hostname="DESKTOP-BR47O9U" failures="0" tests="5" name="dineshpackageinterview.Testmultipletimes" time="0.014" errors="0" timestamp="2023-09-22T16:45:58 EDT" skipped="0">
  <testcase classname="dineshpackageinterview.Testmultipletimes" name="test" time="0.009"/>
  <testcase classname="dineshpackageinterview.Testmultipletimes" name="test" time="0.001"/>
  <testcase classname="dineshpackageinterview.Testmultipletimes" name="test" time="0.001"/>
  <testcase classname="dineshpackageinterview.Testmultipletimes" name="test" time="0.002"/>
  <testcase classname="dineshpackageinterview.Testmultipletimes" name="test" time="0.001"/>
</testsuite> <!-- dineshpackageinterview.Testmultipletimes -->
