<?xml version="1.0" encoding="UTF-8"?>
<!-- Generated by org.testng.reporters.JUnitReportReporter -->
<testsuite hostname="DESKTOP-BR47O9U" failures="0" tests="1" name="dineshpackageinterview.Handlepagenewmethod" time="11.832" errors="0" timestamp="2023-09-27T17:06:42 EDT" skipped="0">
  <testcase classname="dineshpackageinterview.Handlepagenewmethod" name="pagehandle" time="11.832"/>
</testsuite> <!-- dineshpackageinterview.Handlepagenewmethod -->
