<?xml version="1.0" encoding="UTF-8"?>
<!-- Generated by org.testng.reporters.JUnitReportReporter -->
<testsuite hostname="DESKTOP-BR47O9U" failures="0" tests="1" name="dineshpackageinterview.Handlingpagination" time="8.317" errors="0" timestamp="2023-09-27T16:05:57 EDT" skipped="0">
  <testcase classname="dineshpackageinterview.Handlingpagination" name="testpagination" time="8.317"/>
</testsuite> <!-- dineshpackageinterview.Handlingpagination -->
