<?xml version="1.0" encoding="UTF-8"?>
<!-- Generated by org.testng.reporters.JUnitReportReporter -->
<testsuite hostname="DESKTOP-BR47O9U" failures="0" tests="2" name="testNG.NewTest" time="0.011" errors="0" timestamp="2023-09-13T12:53:42 EDT" skipped="0">
  <testcase classname="testNG.NewTest" name="test" time="0.008"/>
  <testcase classname="testNG.NewTest" name="test2" time="0.003"/>
</testsuite> <!-- testNG.NewTest -->
