<?xml version="1.0" encoding="UTF-8"?>
<!-- Generated by org.testng.reporters.JUnitReportReporter -->
<testsuite hostname="DESKTOP-BR47O9U" failures="0" tests="2" name="testNG.Dependency" time="0.016" errors="0" timestamp="2023-09-11T22:22:13 EDT" skipped="0">
  <testcase classname="testNG.Dependency" name="highschool" time="0.016"/>
  <testcase classname="testNG.Dependency" name="college" time="0.000"/>
</testsuite> <!-- testNG.Dependency -->
