<?xml version="1.0" encoding="UTF-8"?>
<!-- Generated by org.testng.reporters.JUnitReportReporter -->
<testsuite hostname="DESKTOP-BR47O9U" failures="0" tests="1" name="testNG.Assertion" time="0.028" errors="0" timestamp="2023-09-13T12:34:00 EDT" skipped="0">
  <testcase classname="testNG.Assertion" name="assertname" time="0.028"/>
</testsuite> <!-- testNG.Assertion -->
