<?xml version="1.0" encoding="UTF-8"?>
<!-- Generated by org.testng.reporters.JUnitReportReporter -->
<testsuite hostname="DESKTOP-BR47O9U" failures="0" tests="2" name="testNG.Demo" time="0.011" errors="0" timestamp="2023-09-13T16:25:11 EDT" skipped="0">
  <testcase classname="testNG.Demo" name="login" time="0.010"/>
  <testcase classname="testNG.Demo" name="logout" time="0.001"/>
</testsuite> <!-- testNG.Demo -->
