<?xml version="1.0" encoding="UTF-8"?>
<!-- Generated by org.testng.reporters.JUnitReportReporter -->
<testsuite hostname="DESKTOP-BR47O9U" failures="0" tests="2" name="testNG.Paralleltesting" time="12.409" errors="0" timestamp="2023-09-13T12:16:04 EDT" skipped="0">
  <testcase classname="testNG.Paralleltesting" name="openbing" time="5.403"/>
  <testcase classname="testNG.Paralleltesting" name="opengoogle" time="7.006"/>
</testsuite> <!-- testNG.Paralleltesting -->
