<?xml version="1.0" encoding="UTF-8"?>
<!-- Generated by org.testng.reporters.JUnitReportReporter -->
<testsuite hostname="DESKTOP-BR47O9U" failures="0" tests="1" name="testNG.Parameter" time="0.012" errors="0" timestamp="2023-09-13T11:51:19 EDT" skipped="0">
  <testcase classname="testNG.Parameter" name="printname" time="0.012"/>
</testsuite> <!-- testNG.Parameter -->
