<?xml version="1.0" encoding="UTF-8"?>
<!-- Generated by org.testng.reporters.JUnitReportReporter -->
<testsuite hostname="DESKTOP-BR47O9U" failures="0" tests="1" name="dineshpackageinterview.timeout" time="2.029" errors="0" timestamp="2023-09-22T16:56:47 EDT" skipped="0">
  <testcase classname="dineshpackageinterview.timeout" name="test" time="2.029"/>
</testsuite> <!-- dineshpackageinterview.timeout -->
