<?xml version="1.0" encoding="UTF-8"?>
<!-- Generated by org.testng.reporters.JUnitReportReporter -->
<testsuite hostname="DESKTOP-BR47O9U" failures="0" tests="4" name="testNG.Cardemo" time="0.004" errors="0" timestamp="2023-09-12T16:41:01 EDT" skipped="1">
  <testcase classname="testNG.Cardemo" name="startcar" time="0.002"/>
  <testcase classname="testNG.Cardemo" name="secondgear" time="0.001"/>
  <testcase classname="testNG.Cardemo" name="thirdgear" time="0.001"/>
  <testcase classname="testNG.Cardemo" name="firstgear">
    <skipped/>
  </testcase> <!-- firstgear -->
</testsuite> <!-- testNG.Cardemo -->
